<testsuite errors="0" failures="0" tests="56" skipped="0" name="org.apache.lucene.util.automaton.TestAutomaton" hostname="nohost.nodomain" time="5.077" timestamp="2015-09-19T12:32:07">
   <properties class="java.util.ArrayList">
      <property name="file.separator" value="\"/>
      <property name="java.class.path" value="C:\Users\SAQIB\Downloads\lucene-5.3.0-src\lucene-5.3.0\build\codecs\classes\java;C:\Users\SAQIB\Downloads\lucene-5.3.0-src\lucene-5.3.0\build\test-framework\classes\java;C:\Users\SAQIB\Downloads\lucene-5.3.0-src\lucene-5.3.0\test-framework\lib\junit-4.10.jar;C:\Users\SAQIB\Downloads\lucene-5.3.0-src\lucene-5.3.0\test-framework\lib\randomizedtesting-runner-2.1.13.jar;C:\Users\SAQIB\Downloads\lucene-5.3.0-src\lucene-5.3.0\build\core\classes\java;C:\Users\SAQIB\Downloads\lucene-5.3.0-src\lucene-5.3.0\build\core\classes\test;D:\Softwares\apache-ant-1.9.6\lib\ant-launcher.jar;C:\Users\SAQIB\.ant\lib\ivy-2.3.0.jar;D:\Softwares\apache-ant-1.9.6\lib\ant-antlr.jar;D:\Softwares\apache-ant-1.9.6\lib\ant-apache-bcel.jar;D:\Softwares\apache-ant-1.9.6\lib\ant-apache-bsf.jar;D:\Softwares\apache-ant-1.9.6\lib\ant-apache-log4j.jar;D:\Softwares\apache-ant-1.9.6\lib\ant-apache-oro.jar;D:\Softwares\apache-ant-1.9.6\lib\ant-apache-regexp.jar;D:\Softwares\apache-ant-1.9.6\lib\ant-apache-resolver.jar;D:\Softwares\apache-ant-1.9.6\lib\ant-apache-xalan2.jar;D:\Softwares\apache-ant-1.9.6\lib\ant-commons-logging.jar;D:\Softwares\apache-ant-1.9.6\lib\ant-commons-net.jar;D:\Softwares\apache-ant-1.9.6\lib\ant-jai.jar;D:\Softwares\apache-ant-1.9.6\lib\ant-javamail.jar;D:\Softwares\apache-ant-1.9.6\lib\ant-jdepend.jar;D:\Softwares\apache-ant-1.9.6\lib\ant-jmf.jar;D:\Softwares\apache-ant-1.9.6\lib\ant-jsch.jar;D:\Softwares\apache-ant-1.9.6\lib\ant-junit.jar;D:\Softwares\apache-ant-1.9.6\lib\ant-junit4.jar;D:\Softwares\apache-ant-1.9.6\lib\ant-netrexx.jar;D:\Softwares\apache-ant-1.9.6\lib\ant-swing.jar;D:\Softwares\apache-ant-1.9.6\lib\ant-testutil.jar;D:\Softwares\apache-ant-1.9.6\lib\ant.jar;C:\Program Files\Java\jdk1.8.0_05\lib\tools.jar;C:\Users\SAQIB\.ivy2\cache\com.carrotsearch.randomizedtesting\junit4-ant\jars\junit4-ant-2.1.13.jar"/>
      <property name="java.class.version" value="52.0"/>
      <property name="java.ext.dirs" value="C:\Program Files\Java\jdk1.8.0_05\jre\lib\ext;C:\Windows\Sun\Java\lib\ext"/>
      <property name="java.home" value="C:\Program Files\Java\jdk1.8.0_05\jre"/>
      <property name="java.io.tmpdir" value="./temp"/>
      <property name="java.library.path" value="C:\Program Files\Java\jdk1.8.0_05\jre\bin;C:\Windows\Sun\Java\bin;C:\Windows\system32;C:\Windows;C:\Windows\system32;C:\Windows;C:\Windows\System32\Wbem;C:\Windows\System32\WindowsPowerShell\v1.0\;C:\Program Files\Broadcom\Broadcom 802.11 Network Adapter\Driver;C:\Program Files\TortoiseSVN\bin;D:\Softwares\apache-ant-1.9.6\\bin;%USERPROFILE%\.dnx\bin;C:\Program Files\Microsoft DNX\Dnvm\;C:\Program Files\Java\jdk1.8.0_05\bin;D:\Softwares\apache-ant-1.9.6\bin;C:\Program Files\Skype\Phone\;."/>
      <property name="java.specification.name" value="Java Platform API Specification"/>
      <property name="java.specification.vendor" value="Oracle Corporation"/>
      <property name="java.specification.version" value="1.8"/>
      <property name="java.vendor" value="Oracle Corporation"/>
      <property name="java.vendor.url" value="http://java.oracle.com/"/>
      <property name="java.version" value="1.8.0_05"/>
      <property name="java.vm.name" value="Java HotSpot(TM) Client VM"/>
      <property name="java.vm.specification.name" value="Java Virtual Machine Specification"/>
      <property name="java.vm.specification.vendor" value="Oracle Corporation"/>
      <property name="java.vm.specification.version" value="1.8"/>
      <property name="java.vm.vendor" value="Oracle Corporation"/>
      <property name="java.vm.version" value="25.5-b02"/>
      <property name="junit4.memory.total" value="16252928"/>
      <property name="junit4.pidString" value="2236@localhost"/>
      <property name="junit4.processors" value="4"/>
      <property name="line.separator" value="
"/>
      <property name="os.arch" value="x86"/>
      <property name="os.name" value="Windows 7"/>
      <property name="os.version" value="6.1"/>
      <property name="path.separator" value=";"/>
      <property name="user.dir" value="C:\Users\SAQIB\Downloads\lucene-5.3.0-src\lucene-5.3.0\build\core\test\J2"/>
      <property name="user.home" value="C:\Users\SAQIB"/>
      <property name="user.name" value="SAQIB"/>
   </properties>
   <testcase classname="org.apache.lucene.util.automaton.TestAutomaton" name="testReverse" time="0.002"/>
   <testcase classname="org.apache.lucene.util.automaton.TestAutomaton" name="testUnion1" time="0.02"/>
   <testcase classname="org.apache.lucene.util.automaton.TestAutomaton" name="testRemoveDeadStates" time="0.002"/>
   <testcase classname="org.apache.lucene.util.automaton.TestAutomaton" name="testAcceptAllEmptyStringMin" time="0.002"/>
   <testcase classname="org.apache.lucene.util.automaton.TestAutomaton" name="testConcatenate1" time="0.002"/>
   <testcase classname="org.apache.lucene.util.automaton.TestAutomaton" name="testConcatenate2" time="0.003"/>
   <testcase classname="org.apache.lucene.util.automaton.TestAutomaton" name="testConcatenatePreservesDet" time="0.003"/>
   <testcase classname="org.apache.lucene.util.automaton.TestAutomaton" name="testMinimizeEmpty" time="0.002"/>
   <testcase classname="org.apache.lucene.util.automaton.TestAutomaton" name="testCommonPrefix" time="0.002"/>
   <testcase classname="org.apache.lucene.util.automaton.TestAutomaton" name="testIntervalRandom" time="0.063"/>
   <testcase classname="org.apache.lucene.util.automaton.TestAutomaton" name="testCommonSuffix" time="0.002"/>
   <testcase classname="org.apache.lucene.util.automaton.TestAutomaton" name="testOptional" time="0.002"/>
   <testcase classname="org.apache.lucene.util.automaton.TestAutomaton" name="testRepeatAny" time="0.002"/>
   <testcase classname="org.apache.lucene.util.automaton.TestAutomaton" name="testBasic" time="0.002"/>
   <testcase classname="org.apache.lucene.util.automaton.TestAutomaton" name="testSameLanguage1" time="0.002"/>
   <testcase classname="org.apache.lucene.util.automaton.TestAutomaton" name="testMinimize2" time="0.003"/>
   <testcase classname="org.apache.lucene.util.automaton.TestAutomaton" name="testAnyStringEmptyString" time="0.002"/>
   <testcase classname="org.apache.lucene.util.automaton.TestAutomaton" name="testSeemsNonEmptyButIsNot2" time="0.001"/>
   <testcase classname="org.apache.lucene.util.automaton.TestAutomaton" name="testRemoveDeadStatesEmpty2" time="0.002"/>
   <testcase classname="org.apache.lucene.util.automaton.TestAutomaton" name="testInterval" time="0.003"/>
   <testcase classname="org.apache.lucene.util.automaton.TestAutomaton" name="testGetSingleton" time="0.138"/>
   <testcase classname="org.apache.lucene.util.automaton.TestAutomaton" name="testMakeBinaryIntervalFiniteCasesBasic" time="0.229"/>
   <testcase classname="org.apache.lucene.util.automaton.TestAutomaton" name="testRemoveDeadTransitionsEmpty" time="0.002"/>
   <testcase classname="org.apache.lucene.util.automaton.TestAutomaton" name="testRepeatMinMax2" time="0.002"/>
   <testcase classname="org.apache.lucene.util.automaton.TestAutomaton" name="testReduceBasic" time="0.002"/>
   <testcase classname="org.apache.lucene.util.automaton.TestAutomaton" name="testGetSingletonEmptyString" time="0.001"/>
   <testcase classname="org.apache.lucene.util.automaton.TestAutomaton" name="testOneInterval" time="0.001"/>
   <testcase classname="org.apache.lucene.util.automaton.TestAutomaton" name="testUnion2" time="0.001"/>
   <testcase classname="org.apache.lucene.util.automaton.TestAutomaton" name="testMakeBinaryIntervalBasic" time="0.001"/>
   <testcase classname="org.apache.lucene.util.automaton.TestAutomaton" name="testIsTotal" time="0.001"/>
   <testcase classname="org.apache.lucene.util.automaton.TestAutomaton" name="testBasicIsEmpty" time="0.001"/>
   <testcase classname="org.apache.lucene.util.automaton.TestAutomaton" name="testMinimizeSimple" time="0.001"/>
   <testcase classname="org.apache.lucene.util.automaton.TestAutomaton" name="testReverseRandom1" time="0.074"/>
   <testcase classname="org.apache.lucene.util.automaton.TestAutomaton" name="testRepeatMinMax1" time="0.002"/>
   <testcase classname="org.apache.lucene.util.automaton.TestAutomaton" name="testRemoveDeadStatesEmpty3" time="0.002"/>
   <testcase classname="org.apache.lucene.util.automaton.TestAutomaton" name="testMakeBinaryIntervalEqual" time="0.002"/>
   <testcase classname="org.apache.lucene.util.automaton.TestAutomaton" name="testMakeBinaryIntervalOpenBoth" time="0.002"/>
   <testcase classname="org.apache.lucene.util.automaton.TestAutomaton" name="testRepeatMin" time="0.002"/>
   <testcase classname="org.apache.lucene.util.automaton.TestAutomaton" name="testMakeBinaryIntervalOpenMax" time="0.001"/>
   <testcase classname="org.apache.lucene.util.automaton.TestAutomaton" name="testComplement" time="0.001"/>
   <testcase classname="org.apache.lucene.util.automaton.TestAutomaton" name="testMakeBinaryIntervalFiniteCasesRandom" time="0.957"/>
   <testcase classname="org.apache.lucene.util.automaton.TestAutomaton" name="testGetSingletonTwo" time="0.002"/>
   <testcase classname="org.apache.lucene.util.automaton.TestAutomaton" name="testMinus" time="0.002"/>
   <testcase classname="org.apache.lucene.util.automaton.TestAutomaton" name="testGetSingletonNothing" time="0.001"/>
   <testcase classname="org.apache.lucene.util.automaton.TestAutomaton" name="testRemoveDeadStatesEmpty1" time="0.002"/>
   <testcase classname="org.apache.lucene.util.automaton.TestAutomaton" name="testReverseRandom2" time="0.502"/>
   <testcase classname="org.apache.lucene.util.automaton.TestAutomaton" name="testBuilderRandom" time="0.07"/>
   <testcase classname="org.apache.lucene.util.automaton.TestAutomaton" name="testMakeBinaryIntervalOpenMin" time="0.002"/>
   <testcase classname="org.apache.lucene.util.automaton.TestAutomaton" name="testRandomFinite" time="2.363"/>
   <testcase classname="org.apache.lucene.util.automaton.TestAutomaton" name="testAnotherInterval" time="0.002"/>
   <testcase classname="org.apache.lucene.util.automaton.TestAutomaton" name="testSameLanguage" time="0.002"/>
   <testcase classname="org.apache.lucene.util.automaton.TestAutomaton" name="testMakeBinaryIntervalRandom" time="0.105"/>
   <testcase classname="org.apache.lucene.util.automaton.TestAutomaton" name="testSeemsNonEmptyButIsNot1" time="0.002"/>
   <testcase classname="org.apache.lucene.util.automaton.TestAutomaton" name="testConcatEmpty" time="0.002"/>
   <testcase classname="org.apache.lucene.util.automaton.TestAutomaton" name="testInvalidAddTransition" time="0.002"/>
   <testcase classname="org.apache.lucene.util.automaton.TestAutomaton" name="testMakeBinaryIntervalCommonPrefix" time="0.002"/>
   <system-out><![CDATA[]]></system-out>
   <system-err><![CDATA[]]></system-err>
</testsuite>