<testsuite errors="0" failures="0" tests="69" skipped="0" name="org.apache.lucene.index.TestIndexWriter" hostname="nohost.nodomain" time="11.194" timestamp="2015-09-19T12:21:13">
   <properties class="java.util.ArrayList">
      <property name="file.separator" value="\"/>
      <property name="java.class.path" value="C:\Users\SAQIB\Downloads\lucene-5.3.0-src\lucene-5.3.0\build\codecs\classes\java;C:\Users\SAQIB\Downloads\lucene-5.3.0-src\lucene-5.3.0\build\test-framework\classes\java;C:\Users\SAQIB\Downloads\lucene-5.3.0-src\lucene-5.3.0\test-framework\lib\junit-4.10.jar;C:\Users\SAQIB\Downloads\lucene-5.3.0-src\lucene-5.3.0\test-framework\lib\randomizedtesting-runner-2.1.13.jar;C:\Users\SAQIB\Downloads\lucene-5.3.0-src\lucene-5.3.0\build\core\classes\java;C:\Users\SAQIB\Downloads\lucene-5.3.0-src\lucene-5.3.0\build\core\classes\test;D:\Softwares\apache-ant-1.9.6\lib\ant-launcher.jar;C:\Users\SAQIB\.ant\lib\ivy-2.3.0.jar;D:\Softwares\apache-ant-1.9.6\lib\ant-antlr.jar;D:\Softwares\apache-ant-1.9.6\lib\ant-apache-bcel.jar;D:\Softwares\apache-ant-1.9.6\lib\ant-apache-bsf.jar;D:\Softwares\apache-ant-1.9.6\lib\ant-apache-log4j.jar;D:\Softwares\apache-ant-1.9.6\lib\ant-apache-oro.jar;D:\Softwares\apache-ant-1.9.6\lib\ant-apache-regexp.jar;D:\Softwares\apache-ant-1.9.6\lib\ant-apache-resolver.jar;D:\Softwares\apache-ant-1.9.6\lib\ant-apache-xalan2.jar;D:\Softwares\apache-ant-1.9.6\lib\ant-commons-logging.jar;D:\Softwares\apache-ant-1.9.6\lib\ant-commons-net.jar;D:\Softwares\apache-ant-1.9.6\lib\ant-jai.jar;D:\Softwares\apache-ant-1.9.6\lib\ant-javamail.jar;D:\Softwares\apache-ant-1.9.6\lib\ant-jdepend.jar;D:\Softwares\apache-ant-1.9.6\lib\ant-jmf.jar;D:\Softwares\apache-ant-1.9.6\lib\ant-jsch.jar;D:\Softwares\apache-ant-1.9.6\lib\ant-junit.jar;D:\Softwares\apache-ant-1.9.6\lib\ant-junit4.jar;D:\Softwares\apache-ant-1.9.6\lib\ant-netrexx.jar;D:\Softwares\apache-ant-1.9.6\lib\ant-swing.jar;D:\Softwares\apache-ant-1.9.6\lib\ant-testutil.jar;D:\Softwares\apache-ant-1.9.6\lib\ant.jar;C:\Program Files\Java\jdk1.8.0_05\lib\tools.jar;C:\Users\SAQIB\.ivy2\cache\com.carrotsearch.randomizedtesting\junit4-ant\jars\junit4-ant-2.1.13.jar"/>
      <property name="java.class.version" value="52.0"/>
      <property name="java.ext.dirs" value="C:\Program Files\Java\jdk1.8.0_05\jre\lib\ext;C:\Windows\Sun\Java\lib\ext"/>
      <property name="java.home" value="C:\Program Files\Java\jdk1.8.0_05\jre"/>
      <property name="java.io.tmpdir" value="./temp"/>
      <property name="java.library.path" value="C:\Program Files\Java\jdk1.8.0_05\jre\bin;C:\Windows\Sun\Java\bin;C:\Windows\system32;C:\Windows;C:\Windows\system32;C:\Windows;C:\Windows\System32\Wbem;C:\Windows\System32\WindowsPowerShell\v1.0\;C:\Program Files\Broadcom\Broadcom 802.11 Network Adapter\Driver;C:\Program Files\TortoiseSVN\bin;D:\Softwares\apache-ant-1.9.6\\bin;%USERPROFILE%\.dnx\bin;C:\Program Files\Microsoft DNX\Dnvm\;C:\Program Files\Java\jdk1.8.0_05\bin;D:\Softwares\apache-ant-1.9.6\bin;C:\Program Files\Skype\Phone\;."/>
      <property name="java.specification.name" value="Java Platform API Specification"/>
      <property name="java.specification.vendor" value="Oracle Corporation"/>
      <property name="java.specification.version" value="1.8"/>
      <property name="java.vendor" value="Oracle Corporation"/>
      <property name="java.vendor.url" value="http://java.oracle.com/"/>
      <property name="java.version" value="1.8.0_05"/>
      <property name="java.vm.name" value="Java HotSpot(TM) Client VM"/>
      <property name="java.vm.specification.name" value="Java Virtual Machine Specification"/>
      <property name="java.vm.specification.vendor" value="Oracle Corporation"/>
      <property name="java.vm.specification.version" value="1.8"/>
      <property name="java.vm.vendor" value="Oracle Corporation"/>
      <property name="java.vm.version" value="25.5-b02"/>
      <property name="junit4.memory.total" value="16252928"/>
      <property name="junit4.pidString" value="9132@localhost"/>
      <property name="junit4.processors" value="4"/>
      <property name="line.separator" value="
"/>
      <property name="os.arch" value="x86"/>
      <property name="os.name" value="Windows 7"/>
      <property name="os.version" value="6.1"/>
      <property name="path.separator" value=";"/>
      <property name="user.dir" value="C:\Users\SAQIB\Downloads\lucene-5.3.0-src\lucene-5.3.0\build\core\test\J0"/>
      <property name="user.home" value="C:\Users\SAQIB"/>
      <property name="user.name" value="SAQIB"/>
   </properties>
   <testcase classname="org.apache.lucene.index.TestIndexWriter" name="testStopwordsPosIncHole2" time="0.014"/>
   <testcase classname="org.apache.lucene.index.TestIndexWriter" name="testManySeparateThreads" time="0.264"/>
   <testcase classname="org.apache.lucene.index.TestIndexWriter" name="testStopwordsPosIncHole" time="0.009"/>
   <testcase classname="org.apache.lucene.index.TestIndexWriter" name="testFlushWithNoMerging" time="0.046"/>
   <testcase classname="org.apache.lucene.index.TestIndexWriter" name="testWickedLongTerm" time="0.072"/>
   <testcase classname="org.apache.lucene.index.TestIndexWriter" name="testUnlimitedMaxFieldLength" time="0.032"/>
   <testcase classname="org.apache.lucene.index.TestIndexWriter" name="testCloseThenRollback" time="0.007"/>
   <testcase classname="org.apache.lucene.index.TestIndexWriter" name="testEmptyDirRollback" time="0.033"/>
   <testcase classname="org.apache.lucene.index.TestIndexWriter" name="testNRTAfterSetUserDataWithCommit" time="0.056"/>
   <testcase classname="org.apache.lucene.index.TestIndexWriter" name="testNullDocument" time="0.01"/>
   <testcase classname="org.apache.lucene.index.TestIndexWriter" name="testRollbackThenClose" time="0.005"/>
   <testcase classname="org.apache.lucene.index.TestIndexWriter" name="testIterableFieldThrowsException" time="0.131"/>
   <testcase classname="org.apache.lucene.index.TestIndexWriter" name="testNoUnwantedTVFiles" time="1.504"/>
   <testcase classname="org.apache.lucene.index.TestIndexWriter" name="testCreateWithReader" time="0.026"/>
   <testcase classname="org.apache.lucene.index.TestIndexWriter" name="testMaxThreadPriority" time="0.035"/>
   <testcase classname="org.apache.lucene.index.TestIndexWriter" name="testCorruptFirstCommit" time="0.057"/>
   <testcase classname="org.apache.lucene.index.TestIndexWriter" name="testEmptyDocAfterFlushingRealDoc" time="0.024"/>
   <testcase classname="org.apache.lucene.index.TestIndexWriter" name="testOtherFiles" time="0.069"/>
   <testcase classname="org.apache.lucene.index.TestIndexWriter" name="testNegativePositions" time="0.015"/>
   <testcase classname="org.apache.lucene.index.TestIndexWriter" name="testCloseDuringCommit" time="0.179"/>
   <testcase classname="org.apache.lucene.index.TestIndexWriter" name="testChangesAfterClose" time="0.313"/>
   <testcase classname="org.apache.lucene.index.TestIndexWriter" name="testIndexStoreCombos" time="0.046"/>
   <testcase classname="org.apache.lucene.index.TestIndexWriter" name="testPositionIncrementGapEmptyField" time="0.024"/>
   <testcase classname="org.apache.lucene.index.TestIndexWriter" name="testNRTSegmentsFile" time="0.322"/>
   <testcase classname="org.apache.lucene.index.TestIndexWriter" name="testEmptyFieldNameWithEmptyTerm" time="0.018"/>
   <testcase classname="org.apache.lucene.index.TestIndexWriter" name="testChangingRAMBuffer2" time="0.139"/>
   <testcase classname="org.apache.lucene.index.TestIndexWriter" name="testEmptyFSDirWithNoLock" time="0.042"/>
   <testcase classname="org.apache.lucene.index.TestIndexWriter" name="testNullDocuments" time="0.136"/>
   <testcase classname="org.apache.lucene.index.TestIndexWriter" name="testChangeIndexOptions" time="0.091"/>
   <testcase classname="org.apache.lucene.index.TestIndexWriter" name="testDocCount" time="0.155"/>
   <testcase classname="org.apache.lucene.index.TestIndexWriter" name="testCommitWithUserDataOnly" time="0.027"/>
   <testcase classname="org.apache.lucene.index.TestIndexWriter" name="testNRTAfterCommit" time="0.009"/>
   <testcase classname="org.apache.lucene.index.TestIndexWriter" name="testDoBeforeAfterFlush" time="0.085"/>
   <testcase classname="org.apache.lucene.index.TestIndexWriter" name="testEnablingNorms" time="0.04"/>
   <testcase classname="org.apache.lucene.index.TestIndexWriter" name="testThreadInterruptDeadlock" time="3.16"/>
   <testcase classname="org.apache.lucene.index.TestIndexWriter" name="testNullAnalyzer" time="0.028"/>
   <testcase classname="org.apache.lucene.index.TestIndexWriter" name="testPrepareCommitThenRollback2" time="0.006"/>
   <testcase classname="org.apache.lucene.index.TestIndexWriter" name="testDoubleClose" time="0.021"/>
   <testcase classname="org.apache.lucene.index.TestIndexWriter" name="testPrepareCommitThenClose" time="0.01"/>
   <testcase classname="org.apache.lucene.index.TestIndexWriter" name="testSmallRAMBuffer" time="0.083"/>
   <testcase classname="org.apache.lucene.index.TestIndexWriter" name="testIndexNoDocuments" time="0.009"/>
   <testcase classname="org.apache.lucene.index.TestIndexWriter" name="testOnlyUpdateDocuments" time="0.014"/>
   <testcase classname="org.apache.lucene.index.TestIndexWriter" name="testWhetherDeleteAllDeletesWriteLock" time="0.045"/>
   <testcase classname="org.apache.lucene.index.TestIndexWriter" name="testHasUncommittedChanges" time="0.059"/>
   <testcase classname="org.apache.lucene.index.TestIndexWriter" name="testNRTReaderVersion" time="0.031"/>
   <testcase classname="org.apache.lucene.index.TestIndexWriter" name="testEmptyFieldNameTerms" time="0.024"/>
   <testcase classname="org.apache.lucene.index.TestIndexWriter" name="testCloseWhileMergeIsRunning" time="0.031"/>
   <testcase classname="org.apache.lucene.index.TestIndexWriter" name="testPrepareCommitThenRollback" time="0.008"/>
   <testcase classname="org.apache.lucene.index.TestIndexWriter" name="testMergeAllDeleted" time="0.798"/>
   <testcase classname="org.apache.lucene.index.TestIndexWriter" name="testEmptyFieldName" time="0.013"/>
   <testcase classname="org.apache.lucene.index.TestIndexWriter" name="testHighFreqTerm" time="0.787"/>
   <testcase classname="org.apache.lucene.index.TestIndexWriter" name="testDeleteSameTermAcrossFields" time="0.02"/>
   <testcase classname="org.apache.lucene.index.TestIndexWriter" name="testVariableSchema" time="0.56"/>
   <testcase classname="org.apache.lucene.index.TestIndexWriter" name="testIterableThrowsException2" time="0.025"/>
   <testcase classname="org.apache.lucene.index.TestIndexWriter" name="testBadSegment" time="0.006"/>
   <testcase classname="org.apache.lucene.index.TestIndexWriter" name="testDeadlock" time="0.039"/>
   <testcase classname="org.apache.lucene.index.TestIndexWriter" name="testHasUncommittedChangesAfterException" time="0.011"/>
   <testcase classname="org.apache.lucene.index.TestIndexWriter" name="testEmptyNorm" time="0.007"/>
   <testcase classname="org.apache.lucene.index.TestIndexWriter" name="testGetCommitData" time="0.008"/>
   <testcase classname="org.apache.lucene.index.TestIndexWriter" name="testNRTAfterSetUserDataWithoutCommit" time="0.003"/>
   <testcase classname="org.apache.lucene.index.TestIndexWriter" name="testIds" time="0.938"/>
   <testcase classname="org.apache.lucene.index.TestIndexWriter" name="testNoDocsIndex" time="0.005"/>
   <testcase classname="org.apache.lucene.index.TestIndexWriter" name="testDeleteUnusedFiles2" time="0.014"/>
   <testcase classname="org.apache.lucene.index.TestIndexWriter" name="testIterableThrowsException" time="0.039"/>
   <testcase classname="org.apache.lucene.index.TestIndexWriter" name="testChangingRAMBuffer" time="0.091"/>
   <testcase classname="org.apache.lucene.index.TestIndexWriter" name="testDeleteAllNRTLeftoverFiles" time="0.04"/>
   <testcase classname="org.apache.lucene.index.TestIndexWriter" name="testDontInvokeAnalyzerForUnAnalyzedFields" time="0.012"/>
   <testcase classname="org.apache.lucene.index.TestIndexWriter" name="testCommitImmediaatelyAfterNRTReopen" time="0.007"/>
   <testcase classname="org.apache.lucene.index.TestIndexWriter" name="testDeleteUnusedFiles" time="0.025"/>
   <system-out><![CDATA[]]></system-out>
   <system-err><![CDATA[]]></system-err>
</testsuite>