<testsuite errors="0" failures="0" tests="28" skipped="1" name="org.apache.lucene.index.TestBinaryDocValuesUpdates" hostname="nohost.nodomain" time="80.154" timestamp="2015-09-19T12:27:48">
   <properties class="java.util.ArrayList">
      <property name="file.separator" value="\"/>
      <property name="java.class.path" value="C:\Users\SAQIB\Downloads\lucene-5.3.0-src\lucene-5.3.0\build\codecs\classes\java;C:\Users\SAQIB\Downloads\lucene-5.3.0-src\lucene-5.3.0\build\test-framework\classes\java;C:\Users\SAQIB\Downloads\lucene-5.3.0-src\lucene-5.3.0\test-framework\lib\junit-4.10.jar;C:\Users\SAQIB\Downloads\lucene-5.3.0-src\lucene-5.3.0\test-framework\lib\randomizedtesting-runner-2.1.13.jar;C:\Users\SAQIB\Downloads\lucene-5.3.0-src\lucene-5.3.0\build\core\classes\java;C:\Users\SAQIB\Downloads\lucene-5.3.0-src\lucene-5.3.0\build\core\classes\test;D:\Softwares\apache-ant-1.9.6\lib\ant-launcher.jar;C:\Users\SAQIB\.ant\lib\ivy-2.3.0.jar;D:\Softwares\apache-ant-1.9.6\lib\ant-antlr.jar;D:\Softwares\apache-ant-1.9.6\lib\ant-apache-bcel.jar;D:\Softwares\apache-ant-1.9.6\lib\ant-apache-bsf.jar;D:\Softwares\apache-ant-1.9.6\lib\ant-apache-log4j.jar;D:\Softwares\apache-ant-1.9.6\lib\ant-apache-oro.jar;D:\Softwares\apache-ant-1.9.6\lib\ant-apache-regexp.jar;D:\Softwares\apache-ant-1.9.6\lib\ant-apache-resolver.jar;D:\Softwares\apache-ant-1.9.6\lib\ant-apache-xalan2.jar;D:\Softwares\apache-ant-1.9.6\lib\ant-commons-logging.jar;D:\Softwares\apache-ant-1.9.6\lib\ant-commons-net.jar;D:\Softwares\apache-ant-1.9.6\lib\ant-jai.jar;D:\Softwares\apache-ant-1.9.6\lib\ant-javamail.jar;D:\Softwares\apache-ant-1.9.6\lib\ant-jdepend.jar;D:\Softwares\apache-ant-1.9.6\lib\ant-jmf.jar;D:\Softwares\apache-ant-1.9.6\lib\ant-jsch.jar;D:\Softwares\apache-ant-1.9.6\lib\ant-junit.jar;D:\Softwares\apache-ant-1.9.6\lib\ant-junit4.jar;D:\Softwares\apache-ant-1.9.6\lib\ant-netrexx.jar;D:\Softwares\apache-ant-1.9.6\lib\ant-swing.jar;D:\Softwares\apache-ant-1.9.6\lib\ant-testutil.jar;D:\Softwares\apache-ant-1.9.6\lib\ant.jar;C:\Program Files\Java\jdk1.8.0_05\lib\tools.jar;C:\Users\SAQIB\.ivy2\cache\com.carrotsearch.randomizedtesting\junit4-ant\jars\junit4-ant-2.1.13.jar"/>
      <property name="java.class.version" value="52.0"/>
      <property name="java.ext.dirs" value="C:\Program Files\Java\jdk1.8.0_05\jre\lib\ext;C:\Windows\Sun\Java\lib\ext"/>
      <property name="java.home" value="C:\Program Files\Java\jdk1.8.0_05\jre"/>
      <property name="java.io.tmpdir" value="./temp"/>
      <property name="java.library.path" value="C:\Program Files\Java\jdk1.8.0_05\jre\bin;C:\Windows\Sun\Java\bin;C:\Windows\system32;C:\Windows;C:\Windows\system32;C:\Windows;C:\Windows\System32\Wbem;C:\Windows\System32\WindowsPowerShell\v1.0\;C:\Program Files\Broadcom\Broadcom 802.11 Network Adapter\Driver;C:\Program Files\TortoiseSVN\bin;D:\Softwares\apache-ant-1.9.6\\bin;%USERPROFILE%\.dnx\bin;C:\Program Files\Microsoft DNX\Dnvm\;C:\Program Files\Java\jdk1.8.0_05\bin;D:\Softwares\apache-ant-1.9.6\bin;C:\Program Files\Skype\Phone\;."/>
      <property name="java.specification.name" value="Java Platform API Specification"/>
      <property name="java.specification.vendor" value="Oracle Corporation"/>
      <property name="java.specification.version" value="1.8"/>
      <property name="java.vendor" value="Oracle Corporation"/>
      <property name="java.vendor.url" value="http://java.oracle.com/"/>
      <property name="java.version" value="1.8.0_05"/>
      <property name="java.vm.name" value="Java HotSpot(TM) Client VM"/>
      <property name="java.vm.specification.name" value="Java Virtual Machine Specification"/>
      <property name="java.vm.specification.vendor" value="Oracle Corporation"/>
      <property name="java.vm.specification.version" value="1.8"/>
      <property name="java.vm.vendor" value="Oracle Corporation"/>
      <property name="java.vm.version" value="25.5-b02"/>
      <property name="junit4.memory.total" value="16252928"/>
      <property name="junit4.pidString" value="2236@localhost"/>
      <property name="junit4.processors" value="4"/>
      <property name="line.separator" value="
"/>
      <property name="os.arch" value="x86"/>
      <property name="os.name" value="Windows 7"/>
      <property name="os.version" value="6.1"/>
      <property name="path.separator" value=";"/>
      <property name="user.dir" value="C:\Users\SAQIB\Downloads\lucene-5.3.0-src\lucene-5.3.0\build\core\test\J2"/>
      <property name="user.home" value="C:\Users\SAQIB"/>
      <property name="user.name" value="SAQIB"/>
   </properties>
   <testcase classname="org.apache.lucene.index.TestBinaryDocValuesUpdates" name="testMultipleBinaryDocValues" time="34.087"/>
   <testcase classname="org.apache.lucene.index.TestBinaryDocValuesUpdates" name="testUpdateNonBinaryDocValuesField" time="2.354"/>
   <testcase classname="org.apache.lucene.index.TestBinaryDocValuesUpdates" name="testChangeCodec" time="1.031"/>
   <testcase classname="org.apache.lucene.index.TestBinaryDocValuesUpdates" name="testDocumentWithNoValue" time="0.351"/>
   <testcase classname="org.apache.lucene.index.TestBinaryDocValuesUpdates" name="testUpdatesAndDeletes" time="1.395"/>
   <testcase classname="org.apache.lucene.index.TestBinaryDocValuesUpdates" name="testSegmentMerges" time="18.81"/>
   <testcase classname="org.apache.lucene.index.TestBinaryDocValuesUpdates" name="testSimple" time="0.007"/>
   <testcase classname="org.apache.lucene.index.TestBinaryDocValuesUpdates" name="testManyReopensAndFields" time="3.826"/>
   <testcase classname="org.apache.lucene.index.TestBinaryDocValuesUpdates" name="testUpdateDocumentByMultipleTerms" time="0.572"/>
   <testcase classname="org.apache.lucene.index.TestBinaryDocValuesUpdates" name="testUpdateSameDocMultipleTimes" time="0.019"/>
   <testcase classname="org.apache.lucene.index.TestBinaryDocValuesUpdates" name="testUpdatesWithDeletes" time="0.015"/>
   <testcase classname="org.apache.lucene.index.TestBinaryDocValuesUpdates" name="testMultipleDocValuesTypes" time="3.08"/>
   <testcase classname="org.apache.lucene.index.TestBinaryDocValuesUpdates" name="testUpdatesAreFlushed" time="0.976"/>
   <testcase classname="org.apache.lucene.index.TestBinaryDocValuesUpdates" name="testUpdateDifferentDocsInDifferentGens" time="1.953"/>
   <testcase classname="org.apache.lucene.index.TestBinaryDocValuesUpdates" name="testUpdatesOrder" time="0.012"/>
   <testcase classname="org.apache.lucene.index.TestBinaryDocValuesUpdates" name="testStressMultiThreading" time="3.639"/>
   <testcase classname="org.apache.lucene.index.TestBinaryDocValuesUpdates" name="testDeleteUnusedUpdatesFiles" time="0.009"/>
   <testcase classname="org.apache.lucene.index.TestBinaryDocValuesUpdates" name="testUpdateFewSegments" time="0.017"/>
   <testcase classname="org.apache.lucene.index.TestBinaryDocValuesUpdates" name="testReopen" time="0.006"/>
   <testcase classname="org.apache.lucene.index.TestBinaryDocValuesUpdates" name="testAddIndexes" time="0.013"/>
   <testcase classname="org.apache.lucene.index.TestBinaryDocValuesUpdates" name="testUpdateBinaryDVFieldWithSameNameAsPostingField" time="0.01"/>
   <testcase classname="org.apache.lucene.index.TestBinaryDocValuesUpdates" name="testUpdateTwoNonexistingTerms" time="0.006"/>
   <testcase classname="org.apache.lucene.index.TestBinaryDocValuesUpdates" name="testUpdateAllDeletedSegment" time="0.008"/>
   <testcase classname="org.apache.lucene.index.TestBinaryDocValuesUpdates" name="testIOContext" time="0.008"/>
   <testcase classname="org.apache.lucene.index.TestBinaryDocValuesUpdates" name="testDifferentDVFormatPerField" time="0.284"/>
   <testcase classname="org.apache.lucene.index.TestBinaryDocValuesUpdates" name="testTonsOfUpdates" time="0.273">
      <skipped></skipped>
   </testcase>
   <testcase classname="org.apache.lucene.index.TestBinaryDocValuesUpdates" name="testUpdateSegmentWithNoDocValues" time="0.022"/>
   <testcase classname="org.apache.lucene.index.TestBinaryDocValuesUpdates" name="testUpdateSegmentWithPostingButNoDocValues" time="0.014"/>
   <system-out><![CDATA[]]></system-out>
   <system-err><![CDATA[]]></system-err>
</testsuite>