<testsuite errors="0" failures="0" tests="100" skipped="3" name="org.apache.lucene.codecs.lucene50.TestLucene50DocValuesFormat" hostname="nohost.nodomain" time="138.568" timestamp="2015-09-19T12:19:03">
   <properties class="java.util.ArrayList">
      <property name="file.separator" value="\"/>
      <property name="java.class.path" value="C:\Users\SAQIB\Downloads\lucene-5.3.0-src\lucene-5.3.0\build\codecs\classes\java;C:\Users\SAQIB\Downloads\lucene-5.3.0-src\lucene-5.3.0\build\test-framework\classes\java;C:\Users\SAQIB\Downloads\lucene-5.3.0-src\lucene-5.3.0\test-framework\lib\junit-4.10.jar;C:\Users\SAQIB\Downloads\lucene-5.3.0-src\lucene-5.3.0\test-framework\lib\randomizedtesting-runner-2.1.13.jar;C:\Users\SAQIB\Downloads\lucene-5.3.0-src\lucene-5.3.0\build\core\classes\java;C:\Users\SAQIB\Downloads\lucene-5.3.0-src\lucene-5.3.0\build\core\classes\test;D:\Softwares\apache-ant-1.9.6\lib\ant-launcher.jar;C:\Users\SAQIB\.ant\lib\ivy-2.3.0.jar;D:\Softwares\apache-ant-1.9.6\lib\ant-antlr.jar;D:\Softwares\apache-ant-1.9.6\lib\ant-apache-bcel.jar;D:\Softwares\apache-ant-1.9.6\lib\ant-apache-bsf.jar;D:\Softwares\apache-ant-1.9.6\lib\ant-apache-log4j.jar;D:\Softwares\apache-ant-1.9.6\lib\ant-apache-oro.jar;D:\Softwares\apache-ant-1.9.6\lib\ant-apache-regexp.jar;D:\Softwares\apache-ant-1.9.6\lib\ant-apache-resolver.jar;D:\Softwares\apache-ant-1.9.6\lib\ant-apache-xalan2.jar;D:\Softwares\apache-ant-1.9.6\lib\ant-commons-logging.jar;D:\Softwares\apache-ant-1.9.6\lib\ant-commons-net.jar;D:\Softwares\apache-ant-1.9.6\lib\ant-jai.jar;D:\Softwares\apache-ant-1.9.6\lib\ant-javamail.jar;D:\Softwares\apache-ant-1.9.6\lib\ant-jdepend.jar;D:\Softwares\apache-ant-1.9.6\lib\ant-jmf.jar;D:\Softwares\apache-ant-1.9.6\lib\ant-jsch.jar;D:\Softwares\apache-ant-1.9.6\lib\ant-junit.jar;D:\Softwares\apache-ant-1.9.6\lib\ant-junit4.jar;D:\Softwares\apache-ant-1.9.6\lib\ant-netrexx.jar;D:\Softwares\apache-ant-1.9.6\lib\ant-swing.jar;D:\Softwares\apache-ant-1.9.6\lib\ant-testutil.jar;D:\Softwares\apache-ant-1.9.6\lib\ant.jar;C:\Program Files\Java\jdk1.8.0_05\lib\tools.jar;C:\Users\SAQIB\.ivy2\cache\com.carrotsearch.randomizedtesting\junit4-ant\jars\junit4-ant-2.1.13.jar"/>
      <property name="java.class.version" value="52.0"/>
      <property name="java.ext.dirs" value="C:\Program Files\Java\jdk1.8.0_05\jre\lib\ext;C:\Windows\Sun\Java\lib\ext"/>
      <property name="java.home" value="C:\Program Files\Java\jdk1.8.0_05\jre"/>
      <property name="java.io.tmpdir" value="./temp"/>
      <property name="java.library.path" value="C:\Program Files\Java\jdk1.8.0_05\jre\bin;C:\Windows\Sun\Java\bin;C:\Windows\system32;C:\Windows;C:\Windows\system32;C:\Windows;C:\Windows\System32\Wbem;C:\Windows\System32\WindowsPowerShell\v1.0\;C:\Program Files\Broadcom\Broadcom 802.11 Network Adapter\Driver;C:\Program Files\TortoiseSVN\bin;D:\Softwares\apache-ant-1.9.6\\bin;%USERPROFILE%\.dnx\bin;C:\Program Files\Microsoft DNX\Dnvm\;C:\Program Files\Java\jdk1.8.0_05\bin;D:\Softwares\apache-ant-1.9.6\bin;C:\Program Files\Skype\Phone\;."/>
      <property name="java.specification.name" value="Java Platform API Specification"/>
      <property name="java.specification.vendor" value="Oracle Corporation"/>
      <property name="java.specification.version" value="1.8"/>
      <property name="java.vendor" value="Oracle Corporation"/>
      <property name="java.vendor.url" value="http://java.oracle.com/"/>
      <property name="java.version" value="1.8.0_05"/>
      <property name="java.vm.name" value="Java HotSpot(TM) Client VM"/>
      <property name="java.vm.specification.name" value="Java Virtual Machine Specification"/>
      <property name="java.vm.specification.vendor" value="Oracle Corporation"/>
      <property name="java.vm.specification.version" value="1.8"/>
      <property name="java.vm.vendor" value="Oracle Corporation"/>
      <property name="java.vm.version" value="25.5-b02"/>
      <property name="junit4.memory.total" value="16252928"/>
      <property name="junit4.pidString" value="2236@localhost"/>
      <property name="junit4.processors" value="4"/>
      <property name="line.separator" value="
"/>
      <property name="os.arch" value="x86"/>
      <property name="os.name" value="Windows 7"/>
      <property name="os.version" value="6.1"/>
      <property name="path.separator" value=";"/>
      <property name="user.dir" value="C:\Users\SAQIB\Downloads\lucene-5.3.0-src\lucene-5.3.0\build\core\test\J2"/>
      <property name="user.home" value="C:\Users\SAQIB"/>
      <property name="user.name" value="SAQIB"/>
   </properties>
   <testcase classname="org.apache.lucene.codecs.lucene50.TestLucene50DocValuesFormat" name="testTermsEnumVariableWidth" time="55.846"/>
   <testcase classname="org.apache.lucene.codecs.lucene50.TestLucene50DocValuesFormat" name="testTwoBinaryValues" time="0.183"/>
   <testcase classname="org.apache.lucene.codecs.lucene50.TestLucene50DocValuesFormat" name="testSortedSetFixedLengthVsStoredFields" time="1.82"/>
   <testcase classname="org.apache.lucene.codecs.lucene50.TestLucene50DocValuesFormat" name="testBytesWithNewline" time="0.013"/>
   <testcase classname="org.apache.lucene.codecs.lucene50.TestLucene50DocValuesFormat" name="testSortedNumericsSingleValuedMissingVsStoredFields" time="0.577"/>
   <testcase classname="org.apache.lucene.codecs.lucene50.TestLucene50DocValuesFormat" name="testEmptySortedBytes" time="0.096"/>
   <testcase classname="org.apache.lucene.codecs.lucene50.TestLucene50DocValuesFormat" name="testCodecUsesOwnSortedBytes" time="0.009"/>
   <testcase classname="org.apache.lucene.codecs.lucene50.TestLucene50DocValuesFormat" name="testSortedBytesTwoDocumentsMerged" time="0.022"/>
   <testcase classname="org.apache.lucene.codecs.lucene50.TestLucene50DocValuesFormat" name="testSortedNumericsMultipleValuesVsStoredFields" time="0.518"/>
   <testcase classname="org.apache.lucene.codecs.lucene50.TestLucene50DocValuesFormat" name="testEmptyBinaryValueOnPageSizes" time="0.214"/>
   <testcase classname="org.apache.lucene.codecs.lucene50.TestLucene50DocValuesFormat" name="testSortedSetVariableLengthManyVsStoredFields" time="0.018">
      <skipped></skipped>
   </testcase>
   <testcase classname="org.apache.lucene.codecs.lucene50.TestLucene50DocValuesFormat" name="testSortedSetFixedLengthManyValuesPerDocVsStoredFields" time="0.415"/>
   <testcase classname="org.apache.lucene.codecs.lucene50.TestLucene50DocValuesFormat" name="testBinaryVariableLengthVsStoredFields" time="0.235"/>
   <testcase classname="org.apache.lucene.codecs.lucene50.TestLucene50DocValuesFormat" name="testEmptyBytes" time="0.012"/>
   <testcase classname="org.apache.lucene.codecs.lucene50.TestLucene50DocValuesFormat" name="testSortedSetVariableLengthBigVsStoredFields" time="12.622"/>
   <testcase classname="org.apache.lucene.codecs.lucene50.TestLucene50DocValuesFormat" name="testTwoNumbersOneMissing" time="0.01"/>
   <testcase classname="org.apache.lucene.codecs.lucene50.TestLucene50DocValuesFormat" name="testSortedFixedLengthVsStoredFields" time="0.725"/>
   <testcase classname="org.apache.lucene.codecs.lucene50.TestLucene50DocValuesFormat" name="testSortedSetVariableLengthFewUniqueSetsVsStoredFields" time="5.314"/>
   <testcase classname="org.apache.lucene.codecs.lucene50.TestLucene50DocValuesFormat" name="testOneFloat" time="0.196"/>
   <testcase classname="org.apache.lucene.codecs.lucene50.TestLucene50DocValuesFormat" name="testSortedSetTwoValues" time="0.016"/>
   <testcase classname="org.apache.lucene.codecs.lucene50.TestLucene50DocValuesFormat" name="testOneNumber" time="0.009"/>
   <testcase classname="org.apache.lucene.codecs.lucene50.TestLucene50DocValuesFormat" name="testRamBytesUsed" time="0.916"/>
   <testcase classname="org.apache.lucene.codecs.lucene50.TestLucene50DocValuesFormat" name="testRandomSortedBytes" time="0.065"/>
   <testcase classname="org.apache.lucene.codecs.lucene50.TestLucene50DocValuesFormat" name="testSortedSetTermsEnum" time="0.01"/>
   <testcase classname="org.apache.lucene.codecs.lucene50.TestLucene50DocValuesFormat" name="testOneSortedNumberOneMissing" time="0.01"/>
   <testcase classname="org.apache.lucene.codecs.lucene50.TestLucene50DocValuesFormat" name="testSortedBytes" time="0.013"/>
   <testcase classname="org.apache.lucene.codecs.lucene50.TestLucene50DocValuesFormat" name="testSortedNumberMergeAwayAllValues" time="0.015"/>
   <testcase classname="org.apache.lucene.codecs.lucene50.TestLucene50DocValuesFormat" name="testRandomExceptions" time="0.576"/>
   <testcase classname="org.apache.lucene.codecs.lucene50.TestLucene50DocValuesFormat" name="testSortedSetFixedLengthFewUniqueSetsVsStoredFields" time="1.844"/>
   <testcase classname="org.apache.lucene.codecs.lucene50.TestLucene50DocValuesFormat" name="testTwoSortedNumberSameValue" time="0.01"/>
   <testcase classname="org.apache.lucene.codecs.lucene50.TestLucene50DocValuesFormat" name="testTermsEnumFixedWidth" time="24.472"/>
   <testcase classname="org.apache.lucene.codecs.lucene50.TestLucene50DocValuesFormat" name="testSortedBytesTwoDocuments" time="0.011"/>
   <testcase classname="org.apache.lucene.codecs.lucene50.TestLucene50DocValuesFormat" name="testZeroOrMin" time="0.145"/>
   <testcase classname="org.apache.lucene.codecs.lucene50.TestLucene50DocValuesFormat" name="testTwoDocumentsMerged" time="0.035"/>
   <testcase classname="org.apache.lucene.codecs.lucene50.TestLucene50DocValuesFormat" name="testShortNumericsVsStoredFields" time="0.251"/>
   <testcase classname="org.apache.lucene.codecs.lucene50.TestLucene50DocValuesFormat" name="testLongNumericsVsStoredFields" time="0.138"/>
   <testcase classname="org.apache.lucene.codecs.lucene50.TestLucene50DocValuesFormat" name="testSortedVariableLengthManyVsStoredFields" time="0.006">
      <skipped></skipped>
   </testcase>
   <testcase classname="org.apache.lucene.codecs.lucene50.TestLucene50DocValuesFormat" name="testNumberMergeAwayAllValues" time="0.015"/>
   <testcase classname="org.apache.lucene.codecs.lucene50.TestLucene50DocValuesFormat" name="testSortedSetTwoDocumentsFirstMissingMerge" time="0.012"/>
   <testcase classname="org.apache.lucene.codecs.lucene50.TestLucene50DocValuesFormat" name="testGCDCompression" time="0.158"/>
   <testcase classname="org.apache.lucene.codecs.lucene50.TestLucene50DocValuesFormat" name="testZeros" time="0.113"/>
   <testcase classname="org.apache.lucene.codecs.lucene50.TestLucene50DocValuesFormat" name="testBytesMergeAwayAllValues" time="0.016"/>
   <testcase classname="org.apache.lucene.codecs.lucene50.TestLucene50DocValuesFormat" name="testThreeNumbersOneMissingWithMerging" time="0.024"/>
   <testcase classname="org.apache.lucene.codecs.lucene50.TestLucene50DocValuesFormat" name="testSortedSetMergeAwayAllValues" time="0.021"/>
   <testcase classname="org.apache.lucene.codecs.lucene50.TestLucene50DocValuesFormat" name="testSortedBytesThreeDocuments" time="0.013"/>
   <testcase classname="org.apache.lucene.codecs.lucene50.TestLucene50DocValuesFormat" name="testSortedSetTwoDocumentsMerged" time="0.015"/>
   <testcase classname="org.apache.lucene.codecs.lucene50.TestLucene50DocValuesFormat" name="testIntNumericsVsStoredFields" time="0.131"/>
   <testcase classname="org.apache.lucene.codecs.lucene50.TestLucene50DocValuesFormat" name="testSortedTermsEnum" time="0.009"/>
   <testcase classname="org.apache.lucene.codecs.lucene50.TestLucene50DocValuesFormat" name="testDocValuesSimple" time="0.078"/>
   <testcase classname="org.apache.lucene.codecs.lucene50.TestLucene50DocValuesFormat" name="testSortedSetTwoFields" time="0.011"/>
   <testcase classname="org.apache.lucene.codecs.lucene50.TestLucene50DocValuesFormat" name="testBytes" time="0.015"/>
   <testcase classname="org.apache.lucene.codecs.lucene50.TestLucene50DocValuesFormat" name="testThreeFieldsMixed2" time="0.015"/>
   <testcase classname="org.apache.lucene.codecs.lucene50.TestLucene50DocValuesFormat" name="testSortedSetOneValue" time="0.009"/>
   <testcase classname="org.apache.lucene.codecs.lucene50.TestLucene50DocValuesFormat" name="testBigNumericRange2" time="0.02"/>
   <testcase classname="org.apache.lucene.codecs.lucene50.TestLucene50DocValuesFormat" name="testVeryLargeButLegalBytes" time="0.01"/>
   <testcase classname="org.apache.lucene.codecs.lucene50.TestLucene50DocValuesFormat" name="testThreads2" time="1.526"/>
   <testcase classname="org.apache.lucene.codecs.lucene50.TestLucene50DocValuesFormat" name="testThreeFieldsMixed" time="0.025"/>
   <testcase classname="org.apache.lucene.codecs.lucene50.TestLucene50DocValuesFormat" name="testOneSortedNumber" time="0.014"/>
   <testcase classname="org.apache.lucene.codecs.lucene50.TestLucene50DocValuesFormat" name="testMultiClose" time="0.066"/>
   <testcase classname="org.apache.lucene.codecs.lucene50.TestLucene50DocValuesFormat" name="testTwoDocumentsNumeric" time="0.013"/>
   <testcase classname="org.apache.lucene.codecs.lucene50.TestLucene50DocValuesFormat" name="testMergeStability" time="0.064"/>
   <testcase classname="org.apache.lucene.codecs.lucene50.TestLucene50DocValuesFormat" name="testUniqueValuesCompression" time="0.015"/>
   <testcase classname="org.apache.lucene.codecs.lucene50.TestLucene50DocValuesFormat" name="testTwoNumbers" time="0.013"/>
   <testcase classname="org.apache.lucene.codecs.lucene50.TestLucene50DocValuesFormat" name="testTwoBytesOneMissingWithMerging" time="0.021"/>
   <testcase classname="org.apache.lucene.codecs.lucene50.TestLucene50DocValuesFormat" name="testTwoBytesOneMissing" time="0.015"/>
   <testcase classname="org.apache.lucene.codecs.lucene50.TestLucene50DocValuesFormat" name="testSortedSetVariableLengthManyValuesPerDocVsStoredFields" time="0.221"/>
   <testcase classname="org.apache.lucene.codecs.lucene50.TestLucene50DocValuesFormat" name="testSortedSetTwoDocumentsFirstMissing" time="0.012"/>
   <testcase classname="org.apache.lucene.codecs.lucene50.TestLucene50DocValuesFormat" name="testSortedSetTwoDocumentsLastMissing" time="0.009"/>
   <testcase classname="org.apache.lucene.codecs.lucene50.TestLucene50DocValuesFormat" name="testVeryLargeButLegalSortedBytes" time="0.015"/>
   <testcase classname="org.apache.lucene.codecs.lucene50.TestLucene50DocValuesFormat" name="testSortedSetEnumAdvanceIndependently" time="0.009"/>
   <testcase classname="org.apache.lucene.codecs.lucene50.TestLucene50DocValuesFormat" name="testBinaryFixedLengthVsStoredFields" time="0.127"/>
   <testcase classname="org.apache.lucene.codecs.lucene50.TestLucene50DocValuesFormat" name="testSortedVariableLengthBigVsStoredFields" time="6.01"/>
   <testcase classname="org.apache.lucene.codecs.lucene50.TestLucene50DocValuesFormat" name="testSingleBigValueCompression" time="0.076"/>
   <testcase classname="org.apache.lucene.codecs.lucene50.TestLucene50DocValuesFormat" name="testSortedNumericsFewUniqueSetsVsStoredFields" time="0.216"/>
   <testcase classname="org.apache.lucene.codecs.lucene50.TestLucene50DocValuesFormat" name="testSortedSetVariableLengthSingleValuedVsStoredFields" time="1.298"/>
   <testcase classname="org.apache.lucene.codecs.lucene50.TestLucene50DocValuesFormat" name="testSortedVariableLengthVsStoredFields" time="1.76"/>
   <testcase classname="org.apache.lucene.codecs.lucene50.TestLucene50DocValuesFormat" name="testSortedSetTwoValuesUnordered" time="0.006"/>
   <testcase classname="org.apache.lucene.codecs.lucene50.TestLucene50DocValuesFormat" name="testSortedNumericsSingleValuedVsStoredFields" time="0.095"/>
   <testcase classname="org.apache.lucene.codecs.lucene50.TestLucene50DocValuesFormat" name="testTermsEnumRandomMany" time="0.004">
      <skipped></skipped>
   </testcase>
   <testcase classname="org.apache.lucene.codecs.lucene50.TestLucene50DocValuesFormat" name="testThreads3" time="14.725"/>
   <testcase classname="org.apache.lucene.codecs.lucene50.TestLucene50DocValuesFormat" name="testSortedMergeAwayAllValues" time="0.014"/>
   <testcase classname="org.apache.lucene.codecs.lucene50.TestLucene50DocValuesFormat" name="testBigNumericRange" time="0.008"/>
   <testcase classname="org.apache.lucene.codecs.lucene50.TestLucene50DocValuesFormat" name="testSortedSetThreeValuesTwoDocs" time="0.008"/>
   <testcase classname="org.apache.lucene.codecs.lucene50.TestLucene50DocValuesFormat" name="testCodecUsesOwnBytes" time="0.008"/>
   <testcase classname="org.apache.lucene.codecs.lucene50.TestLucene50DocValuesFormat" name="testSortedSetFixedLengthSingleValuedVsStoredFields" time="0.753"/>
   <testcase classname="org.apache.lucene.codecs.lucene50.TestLucene50DocValuesFormat" name="testTwoNumbersOneMissingWithMerging" time="0.016"/>
   <testcase classname="org.apache.lucene.codecs.lucene50.TestLucene50DocValuesFormat" name="testBooleanNumericsVsStoredFields" time="0.13"/>
   <testcase classname="org.apache.lucene.codecs.lucene50.TestLucene50DocValuesFormat" name="testByteNumericsVsStoredFields" time="0.101"/>
   <testcase classname="org.apache.lucene.codecs.lucene50.TestLucene50DocValuesFormat" name="testThreeBytesOneMissingWithMerging" time="0.018"/>
   <testcase classname="org.apache.lucene.codecs.lucene50.TestLucene50DocValuesFormat" name="testSortedEnumAdvanceIndependently" time="0.014"/>
   <testcase classname="org.apache.lucene.codecs.lucene50.TestLucene50DocValuesFormat" name="testTwoSortedNumberOneMissing" time="0.007"/>
   <testcase classname="org.apache.lucene.codecs.lucene50.TestLucene50DocValuesFormat" name="testSortedNumberMerge" time="0.01"/>
   <testcase classname="org.apache.lucene.codecs.lucene50.TestLucene50DocValuesFormat" name="testBytesTwoDocumentsMerged" time="0.012"/>
   <testcase classname="org.apache.lucene.codecs.lucene50.TestLucene50DocValuesFormat" name="testTwoFieldsMixed" time="0.012"/>
   <testcase classname="org.apache.lucene.codecs.lucene50.TestLucene50DocValuesFormat" name="testSortedSetTwoDocumentsLastMissingMerge" time="0.013"/>
   <testcase classname="org.apache.lucene.codecs.lucene50.TestLucene50DocValuesFormat" name="testThreads" time="0.197"/>
   <testcase classname="org.apache.lucene.codecs.lucene50.TestLucene50DocValuesFormat" name="testDateCompression" time="0.015"/>
   <testcase classname="org.apache.lucene.codecs.lucene50.TestLucene50DocValuesFormat" name="testTwoSortedNumber" time="0.007"/>
   <testcase classname="org.apache.lucene.codecs.lucene50.TestLucene50DocValuesFormat" name="testMissingSortedBytes" time="0.009"/>
   <testcase classname="org.apache.lucene.codecs.lucene50.TestLucene50DocValuesFormat" name="testSortedSetVariableLengthVsStoredFields" time="1.527"/>
   <system-out><![CDATA[]]></system-out>
   <system-err><![CDATA[]]></system-err>
</testsuite>