<testsuite errors="0" failures="0" tests="72" skipped="0" name="org.apache.lucene.search.TestSimpleExplanations" hostname="nohost.nodomain" time="3.183" timestamp="2015-09-19T12:24:24">
   <properties class="java.util.ArrayList">
      <property name="file.separator" value="\"/>
      <property name="java.class.path" value="C:\Users\SAQIB\Downloads\lucene-5.3.0-src\lucene-5.3.0\build\codecs\classes\java;C:\Users\SAQIB\Downloads\lucene-5.3.0-src\lucene-5.3.0\build\test-framework\classes\java;C:\Users\SAQIB\Downloads\lucene-5.3.0-src\lucene-5.3.0\test-framework\lib\junit-4.10.jar;C:\Users\SAQIB\Downloads\lucene-5.3.0-src\lucene-5.3.0\test-framework\lib\randomizedtesting-runner-2.1.13.jar;C:\Users\SAQIB\Downloads\lucene-5.3.0-src\lucene-5.3.0\build\core\classes\java;C:\Users\SAQIB\Downloads\lucene-5.3.0-src\lucene-5.3.0\build\core\classes\test;D:\Softwares\apache-ant-1.9.6\lib\ant-launcher.jar;C:\Users\SAQIB\.ant\lib\ivy-2.3.0.jar;D:\Softwares\apache-ant-1.9.6\lib\ant-antlr.jar;D:\Softwares\apache-ant-1.9.6\lib\ant-apache-bcel.jar;D:\Softwares\apache-ant-1.9.6\lib\ant-apache-bsf.jar;D:\Softwares\apache-ant-1.9.6\lib\ant-apache-log4j.jar;D:\Softwares\apache-ant-1.9.6\lib\ant-apache-oro.jar;D:\Softwares\apache-ant-1.9.6\lib\ant-apache-regexp.jar;D:\Softwares\apache-ant-1.9.6\lib\ant-apache-resolver.jar;D:\Softwares\apache-ant-1.9.6\lib\ant-apache-xalan2.jar;D:\Softwares\apache-ant-1.9.6\lib\ant-commons-logging.jar;D:\Softwares\apache-ant-1.9.6\lib\ant-commons-net.jar;D:\Softwares\apache-ant-1.9.6\lib\ant-jai.jar;D:\Softwares\apache-ant-1.9.6\lib\ant-javamail.jar;D:\Softwares\apache-ant-1.9.6\lib\ant-jdepend.jar;D:\Softwares\apache-ant-1.9.6\lib\ant-jmf.jar;D:\Softwares\apache-ant-1.9.6\lib\ant-jsch.jar;D:\Softwares\apache-ant-1.9.6\lib\ant-junit.jar;D:\Softwares\apache-ant-1.9.6\lib\ant-junit4.jar;D:\Softwares\apache-ant-1.9.6\lib\ant-netrexx.jar;D:\Softwares\apache-ant-1.9.6\lib\ant-swing.jar;D:\Softwares\apache-ant-1.9.6\lib\ant-testutil.jar;D:\Softwares\apache-ant-1.9.6\lib\ant.jar;C:\Program Files\Java\jdk1.8.0_05\lib\tools.jar;C:\Users\SAQIB\.ivy2\cache\com.carrotsearch.randomizedtesting\junit4-ant\jars\junit4-ant-2.1.13.jar"/>
      <property name="java.class.version" value="52.0"/>
      <property name="java.ext.dirs" value="C:\Program Files\Java\jdk1.8.0_05\jre\lib\ext;C:\Windows\Sun\Java\lib\ext"/>
      <property name="java.home" value="C:\Program Files\Java\jdk1.8.0_05\jre"/>
      <property name="java.io.tmpdir" value="./temp"/>
      <property name="java.library.path" value="C:\Program Files\Java\jdk1.8.0_05\jre\bin;C:\Windows\Sun\Java\bin;C:\Windows\system32;C:\Windows;C:\Windows\system32;C:\Windows;C:\Windows\System32\Wbem;C:\Windows\System32\WindowsPowerShell\v1.0\;C:\Program Files\Broadcom\Broadcom 802.11 Network Adapter\Driver;C:\Program Files\TortoiseSVN\bin;D:\Softwares\apache-ant-1.9.6\\bin;%USERPROFILE%\.dnx\bin;C:\Program Files\Microsoft DNX\Dnvm\;C:\Program Files\Java\jdk1.8.0_05\bin;D:\Softwares\apache-ant-1.9.6\bin;C:\Program Files\Skype\Phone\;."/>
      <property name="java.specification.name" value="Java Platform API Specification"/>
      <property name="java.specification.vendor" value="Oracle Corporation"/>
      <property name="java.specification.version" value="1.8"/>
      <property name="java.vendor" value="Oracle Corporation"/>
      <property name="java.vendor.url" value="http://java.oracle.com/"/>
      <property name="java.version" value="1.8.0_05"/>
      <property name="java.vm.name" value="Java HotSpot(TM) Client VM"/>
      <property name="java.vm.specification.name" value="Java Virtual Machine Specification"/>
      <property name="java.vm.specification.vendor" value="Oracle Corporation"/>
      <property name="java.vm.specification.version" value="1.8"/>
      <property name="java.vm.vendor" value="Oracle Corporation"/>
      <property name="java.vm.version" value="25.5-b02"/>
      <property name="junit4.memory.total" value="16252928"/>
      <property name="junit4.pidString" value="8348@localhost"/>
      <property name="junit4.processors" value="4"/>
      <property name="line.separator" value="
"/>
      <property name="os.arch" value="x86"/>
      <property name="os.name" value="Windows 7"/>
      <property name="os.version" value="6.1"/>
      <property name="path.separator" value=";"/>
      <property name="user.dir" value="C:\Users\SAQIB\Downloads\lucene-5.3.0-src\lucene-5.3.0\build\core\test\J1"/>
      <property name="user.home" value="C:\Users\SAQIB"/>
      <property name="user.name" value="SAQIB"/>
   </properties>
   <testcase classname="org.apache.lucene.search.TestSimpleExplanations" name="testBQ8" time="0.167"/>
   <testcase classname="org.apache.lucene.search.TestSimpleExplanations" name="testDMQ3" time="0.019"/>
   <testcase classname="org.apache.lucene.search.TestSimpleExplanations" name="testBQ7" time="0.05"/>
   <testcase classname="org.apache.lucene.search.TestSimpleExplanations" name="testP6" time="0.026"/>
   <testcase classname="org.apache.lucene.search.TestSimpleExplanations" name="testMultiFieldBQ10" time="0.046"/>
   <testcase classname="org.apache.lucene.search.TestSimpleExplanations" name="testFQ1" time="0.039"/>
   <testcase classname="org.apache.lucene.search.TestSimpleExplanations" name="testBQ11" time="0.037"/>
   <testcase classname="org.apache.lucene.search.TestSimpleExplanations" name="testCSQ1" time="0.025"/>
   <testcase classname="org.apache.lucene.search.TestSimpleExplanations" name="testDMQ9" time="0.266"/>
   <testcase classname="org.apache.lucene.search.TestSimpleExplanations" name="testDMQ8" time="0.036"/>
   <testcase classname="org.apache.lucene.search.TestSimpleExplanations" name="testMPQ2" time="0.098"/>
   <testcase classname="org.apache.lucene.search.TestSimpleExplanations" name="testFQ6" time="0.027"/>
   <testcase classname="org.apache.lucene.search.TestSimpleExplanations" name="testP4" time="0.026"/>
   <testcase classname="org.apache.lucene.search.TestSimpleExplanations" name="testMPQ5" time="0.222"/>
   <testcase classname="org.apache.lucene.search.TestSimpleExplanations" name="testMPQ6" time="0.075"/>
   <testcase classname="org.apache.lucene.search.TestSimpleExplanations" name="testBQ24" time="0.038"/>
   <testcase classname="org.apache.lucene.search.TestSimpleExplanations" name="testMultiFieldBQ1" time="0.1"/>
   <testcase classname="org.apache.lucene.search.TestSimpleExplanations" name="testBQ1" time="0.022"/>
   <testcase classname="org.apache.lucene.search.TestSimpleExplanations" name="testBQ5" time="0.147"/>
   <testcase classname="org.apache.lucene.search.TestSimpleExplanations" name="testMultiFieldBQ7" time="0.044"/>
   <testcase classname="org.apache.lucene.search.TestSimpleExplanations" name="testMultiFieldBQofPQ7" time="0.05"/>
   <testcase classname="org.apache.lucene.search.TestSimpleExplanations" name="testBQ20" time="0.035"/>
   <testcase classname="org.apache.lucene.search.TestSimpleExplanations" name="testDMQ2" time="0.029"/>
   <testcase classname="org.apache.lucene.search.TestSimpleExplanations" name="testMultiFieldBQofPQ2" time="0.047"/>
   <testcase classname="org.apache.lucene.search.TestSimpleExplanations" name="testDMQ5" time="0.034"/>
   <testcase classname="org.apache.lucene.search.TestSimpleExplanations" name="testMultiFieldBQ6" time="0.035"/>
   <testcase classname="org.apache.lucene.search.TestSimpleExplanations" name="testP3" time="0.02"/>
   <testcase classname="org.apache.lucene.search.TestSimpleExplanations" name="testFQ3" time="0.039"/>
   <testcase classname="org.apache.lucene.search.TestSimpleExplanations" name="testBQ4" time="0.034"/>
   <testcase classname="org.apache.lucene.search.TestSimpleExplanations" name="testP7" time="0.022"/>
   <testcase classname="org.apache.lucene.search.TestSimpleExplanations" name="testBQ15" time="0.021"/>
   <testcase classname="org.apache.lucene.search.TestSimpleExplanations" name="testMultiFieldBQofPQ5" time="0.043"/>
   <testcase classname="org.apache.lucene.search.TestSimpleExplanations" name="testDMQ4" time="0.017"/>
   <testcase classname="org.apache.lucene.search.TestSimpleExplanations" name="testBQ10" time="0.052"/>
   <testcase classname="org.apache.lucene.search.TestSimpleExplanations" name="testBQ3" time="0.03"/>
   <testcase classname="org.apache.lucene.search.TestSimpleExplanations" name="testMultiFieldBQ8" time="0.066"/>
   <testcase classname="org.apache.lucene.search.TestSimpleExplanations" name="testMPQ1" time="0.031"/>
   <testcase classname="org.apache.lucene.search.TestSimpleExplanations" name="testBQ23" time="0.019"/>
   <testcase classname="org.apache.lucene.search.TestSimpleExplanations" name="testBQ2" time="0.022"/>
   <testcase classname="org.apache.lucene.search.TestSimpleExplanations" name="testDMQ6" time="0.032"/>
   <testcase classname="org.apache.lucene.search.TestSimpleExplanations" name="testMA1" time="0.007"/>
   <testcase classname="org.apache.lucene.search.TestSimpleExplanations" name="testBQ25" time="0.021"/>
   <testcase classname="org.apache.lucene.search.TestSimpleExplanations" name="testDMQ7" time="0.035"/>
   <testcase classname="org.apache.lucene.search.TestSimpleExplanations" name="testT2" time="0.011"/>
   <testcase classname="org.apache.lucene.search.TestSimpleExplanations" name="testMultiFieldBQ4" time="0.042"/>
   <testcase classname="org.apache.lucene.search.TestSimpleExplanations" name="testBQ9" time="0.05"/>
   <testcase classname="org.apache.lucene.search.TestSimpleExplanations" name="testBQ26" time="0.014"/>
   <testcase classname="org.apache.lucene.search.TestSimpleExplanations" name="testMultiFieldBQofPQ3" time="0.049"/>
   <testcase classname="org.apache.lucene.search.TestSimpleExplanations" name="testMPQ3" time="0.025"/>
   <testcase classname="org.apache.lucene.search.TestSimpleExplanations" name="testMPQ4" time="0.015"/>
   <testcase classname="org.apache.lucene.search.TestSimpleExplanations" name="testBQ14" time="0.031"/>
   <testcase classname="org.apache.lucene.search.TestSimpleExplanations" name="testP1" time="0.019"/>
   <testcase classname="org.apache.lucene.search.TestSimpleExplanations" name="testBQ6" time="0.022"/>
   <testcase classname="org.apache.lucene.search.TestSimpleExplanations" name="testP2" time="0.015"/>
   <testcase classname="org.apache.lucene.search.TestSimpleExplanations" name="testP5" time="0.017"/>
   <testcase classname="org.apache.lucene.search.TestSimpleExplanations" name="testMultiFieldBQ2" time="0.025"/>
   <testcase classname="org.apache.lucene.search.TestSimpleExplanations" name="testMA2" time="0.008"/>
   <testcase classname="org.apache.lucene.search.TestSimpleExplanations" name="testFQ2" time="0.038"/>
   <testcase classname="org.apache.lucene.search.TestSimpleExplanations" name="testT1" time="0.015"/>
   <testcase classname="org.apache.lucene.search.TestSimpleExplanations" name="testCSQ3" time="0.018"/>
   <testcase classname="org.apache.lucene.search.TestSimpleExplanations" name="testFQ4" time="0.035"/>
   <testcase classname="org.apache.lucene.search.TestSimpleExplanations" name="testMultiFieldBQofPQ4" time="0.056"/>
   <testcase classname="org.apache.lucene.search.TestSimpleExplanations" name="testDMQ1" time="0.027"/>
   <testcase classname="org.apache.lucene.search.TestSimpleExplanations" name="testMultiFieldBQofPQ1" time="0.047"/>
   <testcase classname="org.apache.lucene.search.TestSimpleExplanations" name="testMultiFieldBQ9" time="0.047"/>
   <testcase classname="org.apache.lucene.search.TestSimpleExplanations" name="testMultiFieldBQ3" time="0.026"/>
   <testcase classname="org.apache.lucene.search.TestSimpleExplanations" name="testBQ19" time="0.022"/>
   <testcase classname="org.apache.lucene.search.TestSimpleExplanations" name="testBQ16" time="0.024"/>
   <testcase classname="org.apache.lucene.search.TestSimpleExplanations" name="testMultiFieldBQofPQ6" time="0.045"/>
   <testcase classname="org.apache.lucene.search.TestSimpleExplanations" name="testMultiFieldBQ5" time="0.043"/>
   <testcase classname="org.apache.lucene.search.TestSimpleExplanations" name="testCSQ2" time="0.012"/>
   <testcase classname="org.apache.lucene.search.TestSimpleExplanations" name="testBQ17" time="0.029"/>
   <system-out><![CDATA[]]></system-out>
   <system-err><![CDATA[]]></system-err>
</testsuite>